#
# There is insufficient memory for the Java Runtime Environment to continue.
# Native memory allocation (malloc) failed to allocate 980336 bytes for Chunk::new
# Possible reasons:
#   The system is out of physical RAM or swap space
#   The process is running with CompressedOops enabled, and the Java Heap may be blocking the growth of the native heap
# Possible solutions:
#   Reduce memory load on the system
#   Increase physical memory or swap space
#   Check if swap backing store is full
#   Decrease Java heap size (-Xmx/-Xms)
#   Decrease number of Java threads
#   Decrease Java thread stack sizes (-Xss)
#   Set larger code cache with -XX:ReservedCodeCacheSize=
#   JVM is running with Unscaled Compressed Oops mode in which the Java heap is
#     placed in the first 4GB address space. The Java Heap base address is the
#     maximum limit for the native heap growth. Please use -XX:HeapBaseMinAddress
#     to set the Java Heap base and to place the Java Heap above 4GB virtual address.
# This output file may be truncated or incomplete.
#
#  Out of Memory Error (arena.cpp:189), pid=37280, tid=36540
#
# JRE version: Java(TM) SE Runtime Environment (17.0.11+7) (build 17.0.11+7-LTS-207)
# Java VM: Java HotSpot(TM) 64-Bit Server VM (17.0.11+7-LTS-207, mixed mode, sharing, tiered, compressed oops, compressed class ptrs, g1 gc, windows-amd64)
# No core dump will be written. Minidumps are not enabled by default on client versions of Windows
#

---------------  S U M M A R Y ------------

Command Line: -ea -Dfile.encoding=UTF-8 -Dstdout.encoding=UTF-8 -Dstderr.encoding=UTF-8 -XX:+ShowCodeDetailsInExceptionMessages org.testng.remote.RemoteTestNG -serport 55283 -protocol json -d C:\WorkSpace\EmployeeAutomationFramework\DAM_FuncionalityTesting\test-output C:\Users\DCCPL\AppData\Local\Temp\testng-eclipse-583965237\testng-customsuite.xml

Host: 11th Gen Intel(R) Core(TM) i3-1115G4 @ 3.00GHz, 4 cores, 7G,  Windows 11 , 64 bit Build 22621 (10.0.22621.4391)
Time: Sat Dec 21 11:51:42 2024 India Standard Time elapsed time: 1.902610 seconds (0d 0h 0m 1s)

---------------  T H R E A D  ---------------

Current thread (0x000001cbfc5ec710):  JavaThread "C2 CompilerThread0" daemon [_thread_in_native, id=36540, stack(0x0000008e61c00000,0x0000008e61d00000)]


Current CompileTask:
C2:   1902 1761       4       java.net.URLStreamHandler::parseURL (1201 bytes)

Stack: [0x0000008e61c00000,0x0000008e61d00000]
Native frames: (J=compiled Java code, j=interpreted, Vv=VM code, C=native code)
V  [jvm.dll+0x679cca]
V  [jvm.dll+0x7da13d]
V  [jvm.dll+0x7dba83]
V  [jvm.dll+0x7dc0f3]
V  [jvm.dll+0x2449af]
V  [jvm.dll+0xab83b]
V  [jvm.dll+0xabe1c]
V  [jvm.dll+0x36155f]
V  [jvm.dll+0x32bd61]
V  [jvm.dll+0x32b1fa]
V  [jvm.dll+0x2161df]
V  [jvm.dll+0x21560f]
V  [jvm.dll+0x1a2040]
V  [jvm.dll+0x225a2b]
V  [jvm.dll+0x223bcb]
V  [jvm.dll+0x7903ec]
V  [jvm.dll+0x78a85a]
V  [jvm.dll+0x678bb5]
C  [ucrtbase.dll+0x29333]
C  [KERNEL32.DLL+0x1259d]
C  [ntdll.dll+0x5af38]


---------------  P R O C E S S  ---------------

Threads class SMR info:
_java_thread_list=0x000001cbfd3d5020, length=16, elements={
0x000001cbdeeca570, 0x000001cbfc5c89f0, 0x000001cbfc5c9d50, 0x000001cbfc5dcd10,
0x000001cbfc5de5f0, 0x000001cbfc5e3220, 0x000001cbfc5eaa80, 0x000001cbfc5ec710,
0x000001cbfc5ed870, 0x000001cbfc5e9640, 0x000001cbfc5e7cf0, 0x000001cbfc5e77e0,
0x000001cbfc5eaf90, 0x000001cbfc5e9b50, 0x000001cbfc5ea060, 0x000001cbfc5ea570
}

Java Threads: ( => current thread )
  0x000001cbdeeca570 JavaThread "main" [_thread_in_vm, id=37832, stack(0x0000008e60f00000,0x0000008e61000000)]
  0x000001cbfc5c89f0 JavaThread "Reference Handler" daemon [_thread_blocked, id=37492, stack(0x0000008e61600000,0x0000008e61700000)]
  0x000001cbfc5c9d50 JavaThread "Finalizer" daemon [_thread_blocked, id=34508, stack(0x0000008e61700000,0x0000008e61800000)]
  0x000001cbfc5dcd10 JavaThread "Signal Dispatcher" daemon [_thread_blocked, id=19360, stack(0x0000008e61800000,0x0000008e61900000)]
  0x000001cbfc5de5f0 JavaThread "Attach Listener" daemon [_thread_blocked, id=39356, stack(0x0000008e61900000,0x0000008e61a00000)]
  0x000001cbfc5e3220 JavaThread "Service Thread" daemon [_thread_blocked, id=1188, stack(0x0000008e61a00000,0x0000008e61b00000)]
  0x000001cbfc5eaa80 JavaThread "Monitor Deflation Thread" daemon [_thread_blocked, id=29832, stack(0x0000008e61b00000,0x0000008e61c00000)]
=>0x000001cbfc5ec710 JavaThread "C2 CompilerThread0" daemon [_thread_in_native, id=36540, stack(0x0000008e61c00000,0x0000008e61d00000)]
  0x000001cbfc5ed870 JavaThread "C1 CompilerThread0" daemon [_thread_in_native, id=1900, stack(0x0000008e61d00000,0x0000008e61e00000)]
  0x000001cbfc5e9640 JavaThread "Sweeper thread" daemon [_thread_blocked, id=26036, stack(0x0000008e61e00000,0x0000008e61f00000)]
  0x000001cbfc5e7cf0 JavaThread "Notification Thread" daemon [_thread_blocked, id=18060, stack(0x0000008e61f00000,0x0000008e62000000)]
  0x000001cbfc5e77e0 JavaThread "Common-Cleaner" daemon [_thread_blocked, id=21744, stack(0x0000008e62100000,0x0000008e62200000)]
  0x000001cbfc5eaf90 JavaThread "ReaderThread" [_thread_in_native, id=29640, stack(0x0000008e62300000,0x0000008e62400000)]
  0x000001cbfc5e9b50 JavaThread "ForkJoinPool.commonPool-worker-1" daemon [_thread_blocked, id=4848, stack(0x0000008e62800000,0x0000008e62900000)]
  0x000001cbfc5ea060 JavaThread "ForkJoinPool.commonPool-worker-2" daemon [_thread_blocked, id=39420, stack(0x0000008e62900000,0x0000008e62a00000)]
  0x000001cbfc5ea570 JavaThread "ForkJoinPool.commonPool-worker-3" daemon [_thread_blocked, id=31564, stack(0x0000008e62a00000,0x0000008e62b00000)]

Other Threads:
  0x000001cbfc5c47b0 VMThread "VM Thread" [stack: 0x0000008e61500000,0x0000008e61600000] [id=26868]
  0x000001cbfc823ca0 WatcherThread [stack: 0x0000008e62000000,0x0000008e62100000] [id=37108]
  0x000001cbdef22a10 GCTaskThread "GC Thread#0" [stack: 0x0000008e61000000,0x0000008e61100000] [id=25400]
  0x000001cbfd32edd0 GCTaskThread "GC Thread#1" [stack: 0x0000008e62400000,0x0000008e62500000] [id=31320]
  0x000001cbfd358f70 GCTaskThread "GC Thread#2" [stack: 0x0000008e62500000,0x0000008e62600000] [id=1924]
  0x000001cbfd359230 GCTaskThread "GC Thread#3" [stack: 0x0000008e62600000,0x0000008e62700000] [id=15848]
  0x000001cbdef33900 ConcurrentGCThread "G1 Main Marker" [stack: 0x0000008e61100000,0x0000008e61200000] [id=26548]
  0x000001cbdef34320 ConcurrentGCThread "G1 Conc#0" [stack: 0x0000008e61200000,0x0000008e61300000] [id=37016]
  0x000001cbfc4720b0 ConcurrentGCThread "G1 Refine#0" [stack: 0x0000008e61300000,0x0000008e61400000] [id=39276]
  0x000001cbfd3319f0 ConcurrentGCThread "G1 Refine#1" [stack: 0x0000008e62700000,0x0000008e62800000] [id=32456]
  0x000001cbfc472ae0 ConcurrentGCThread "G1 Service" [stack: 0x0000008e61400000,0x0000008e61500000] [id=16728]

Threads with active compile tasks:
C2 CompilerThread0     1929 1761       4       java.net.URLStreamHandler::parseURL (1201 bytes)

VM state: not at safepoint (normal execution)

VM Mutex/Monitor currently owned by a thread: None

Heap address: 0x0000000084000000, size: 1984 MB, Compressed Oops mode: 32-bit

CDS archive(s) mapped at: [0x000001cb80000000-0x000001cb80bd0000-0x000001cb80bd0000), size 12386304, SharedBaseAddress: 0x000001cb80000000, ArchiveRelocationMode: 1.
Compressed class space mapped at: 0x000001cb81000000-0x000001cbc1000000, reserved size: 1073741824
Narrow klass base: 0x000001cb80000000, Narrow klass shift: 0, Narrow klass range: 0x100000000

GC Precious Log:
 CPUs: 4 total, 4 available
 Memory: 7934M
 Large Page Support: Disabled
 NUMA Support: Disabled
 Compressed Oops: Enabled (32-bit)
 Heap Region Size: 1M
 Heap Min Capacity: 8M
 Heap Initial Capacity: 124M
 Heap Max Capacity: 1984M
 Pre-touch: Disabled
 Parallel Workers: 4
 Concurrent Workers: 1
 Concurrent Refinement Workers: 4
 Periodic GC: Disabled

Heap:
 garbage-first heap   total 126976K, used 14183K [0x0000000084000000, 0x0000000100000000)
  region size 1024K, 8 young (8192K), 3 survivors (3072K)
 Metaspace       used 15066K, committed 15360K, reserved 1114112K
  class space    used 1925K, committed 2048K, reserved 1048576K

Heap Regions: E=young(eden), S=young(survivor), O=old, HS=humongous(starts), HC=humongous(continues), CS=collection set, F=free, OA=open archive, CA=closed archive, TAMS=top-at-mark-start (previous, next)
|   0|0x0000000084000000, 0x0000000084100000, 0x0000000084100000|100%|HS|  |TAMS 0x0000000084000000, 0x0000000084000000| Complete 
|   1|0x0000000084100000, 0x0000000084200000, 0x0000000084200000|100%| O|  |TAMS 0x0000000084100000, 0x0000000084100000| Untracked 
|   2|0x0000000084200000, 0x0000000084300000, 0x0000000084300000|100%| O|  |TAMS 0x0000000084200000, 0x0000000084200000| Untracked 
|   3|0x0000000084300000, 0x0000000084400000, 0x0000000084400000|100%| O|  |TAMS 0x0000000084300000, 0x0000000084300000| Untracked 
|   4|0x0000000084400000, 0x0000000084500000, 0x0000000084500000|100%| O|  |TAMS 0x0000000084400000, 0x0000000084400000| Untracked 
|   5|0x0000000084500000, 0x0000000084600000, 0x0000000084600000|100%| O|  |TAMS 0x0000000084500000, 0x0000000084500000| Untracked 
|   6|0x0000000084600000, 0x0000000084700000, 0x0000000084700000|100%| O|  |TAMS 0x0000000084600000, 0x0000000084600000| Untracked 
|   7|0x0000000084700000, 0x0000000084745c00, 0x0000000084800000| 27%| O|  |TAMS 0x0000000084700000, 0x0000000084700000| Untracked 
|   8|0x0000000084800000, 0x0000000084800000, 0x0000000084900000|  0%| F|  |TAMS 0x0000000084800000, 0x0000000084800000| Untracked 
|   9|0x0000000084900000, 0x0000000084900000, 0x0000000084a00000|  0%| F|  |TAMS 0x0000000084900000, 0x0000000084900000| Untracked 
|  10|0x0000000084a00000, 0x0000000084a00000, 0x0000000084b00000|  0%| F|  |TAMS 0x0000000084a00000, 0x0000000084a00000| Untracked 
|  11|0x0000000084b00000, 0x0000000084b00000, 0x0000000084c00000|  0%| F|  |TAMS 0x0000000084b00000, 0x0000000084b00000| Untracked 
|  12|0x0000000084c00000, 0x0000000084c00000, 0x0000000084d00000|  0%| F|  |TAMS 0x0000000084c00000, 0x0000000084c00000| Untracked 
|  13|0x0000000084d00000, 0x0000000084d00000, 0x0000000084e00000|  0%| F|  |TAMS 0x0000000084d00000, 0x0000000084d00000| Untracked 
|  14|0x0000000084e00000, 0x0000000084e00000, 0x0000000084f00000|  0%| F|  |TAMS 0x0000000084e00000, 0x0000000084e00000| Untracked 
|  15|0x0000000084f00000, 0x0000000084f00000, 0x0000000085000000|  0%| F|  |TAMS 0x0000000084f00000, 0x0000000084f00000| Untracked 
|  16|0x0000000085000000, 0x0000000085000000, 0x0000000085100000|  0%| F|  |TAMS 0x0000000085000000, 0x0000000085000000| Untracked 
|  17|0x0000000085100000, 0x0000000085100000, 0x0000000085200000|  0%| F|  |TAMS 0x0000000085100000, 0x0000000085100000| Untracked 
|  18|0x0000000085200000, 0x0000000085200000, 0x0000000085300000|  0%| F|  |TAMS 0x0000000085200000, 0x0000000085200000| Untracked 
|  19|0x0000000085300000, 0x0000000085300000, 0x0000000085400000|  0%| F|  |TAMS 0x0000000085300000, 0x0000000085300000| Untracked 
|  20|0x0000000085400000, 0x0000000085400000, 0x0000000085500000|  0%| F|  |TAMS 0x0000000085400000, 0x0000000085400000| Untracked 
|  21|0x0000000085500000, 0x0000000085500000, 0x0000000085600000|  0%| F|  |TAMS 0x0000000085500000, 0x0000000085500000| Untracked 
|  22|0x0000000085600000, 0x0000000085600000, 0x0000000085700000|  0%| F|  |TAMS 0x0000000085600000, 0x0000000085600000| Untracked 
|  23|0x0000000085700000, 0x0000000085700000, 0x0000000085800000|  0%| F|  |TAMS 0x0000000085700000, 0x0000000085700000| Untracked 
|  24|0x0000000085800000, 0x0000000085800000, 0x0000000085900000|  0%| F|  |TAMS 0x0000000085800000, 0x0000000085800000| Untracked 
|  25|0x0000000085900000, 0x0000000085900000, 0x0000000085a00000|  0%| F|  |TAMS 0x0000000085900000, 0x0000000085900000| Untracked 
|  26|0x0000000085a00000, 0x0000000085a00000, 0x0000000085b00000|  0%| F|  |TAMS 0x0000000085a00000, 0x0000000085a00000| Untracked 
|  27|0x0000000085b00000, 0x0000000085b00000, 0x0000000085c00000|  0%| F|  |TAMS 0x0000000085b00000, 0x0000000085b00000| Untracked 
|  28|0x0000000085c00000, 0x0000000085c00000, 0x0000000085d00000|  0%| F|  |TAMS 0x0000000085c00000, 0x0000000085c00000| Untracked 
|  29|0x0000000085d00000, 0x0000000085d00000, 0x0000000085e00000|  0%| F|  |TAMS 0x0000000085d00000, 0x0000000085d00000| Untracked 
|  30|0x0000000085e00000, 0x0000000085e00000, 0x0000000085f00000|  0%| F|  |TAMS 0x0000000085e00000, 0x0000000085e00000| Untracked 
|  31|0x0000000085f00000, 0x0000000085f00000, 0x0000000086000000|  0%| F|  |TAMS 0x0000000085f00000, 0x0000000085f00000| Untracked 
|  32|0x0000000086000000, 0x0000000086000000, 0x0000000086100000|  0%| F|  |TAMS 0x0000000086000000, 0x0000000086000000| Untracked 
|  33|0x0000000086100000, 0x0000000086100000, 0x0000000086200000|  0%| F|  |TAMS 0x0000000086100000, 0x0000000086100000| Untracked 
|  34|0x0000000086200000, 0x0000000086200000, 0x0000000086300000|  0%| F|  |TAMS 0x0000000086200000, 0x0000000086200000| Untracked 
|  35|0x0000000086300000, 0x0000000086300000, 0x0000000086400000|  0%| F|  |TAMS 0x0000000086300000, 0x0000000086300000| Untracked 
|  36|0x0000000086400000, 0x0000000086400000, 0x0000000086500000|  0%| F|  |TAMS 0x0000000086400000, 0x0000000086400000| Untracked 
|  37|0x0000000086500000, 0x0000000086500000, 0x0000000086600000|  0%| F|  |TAMS 0x0000000086500000, 0x0000000086500000| Untracked 
|  38|0x0000000086600000, 0x0000000086600000, 0x0000000086700000|  0%| F|  |TAMS 0x0000000086600000, 0x0000000086600000| Untracked 
|  39|0x0000000086700000, 0x0000000086700000, 0x0000000086800000|  0%| F|  |TAMS 0x0000000086700000, 0x0000000086700000| Untracked 
|  40|0x0000000086800000, 0x0000000086800000, 0x0000000086900000|  0%| F|  |TAMS 0x0000000086800000, 0x0000000086800000| Untracked 
|  41|0x0000000086900000, 0x0000000086900000, 0x0000000086a00000|  0%| F|  |TAMS 0x0000000086900000, 0x0000000086900000| Untracked 
|  42|0x0000000086a00000, 0x0000000086a00000, 0x0000000086b00000|  0%| F|  |TAMS 0x0000000086a00000, 0x0000000086a00000| Untracked 
|  43|0x0000000086b00000, 0x0000000086b00000, 0x0000000086c00000|  0%| F|  |TAMS 0x0000000086b00000, 0x0000000086b00000| Untracked 
|  44|0x0000000086c00000, 0x0000000086c00000, 0x0000000086d00000|  0%| F|  |TAMS 0x0000000086c00000, 0x0000000086c00000| Untracked 
|  45|0x0000000086d00000, 0x0000000086d00000, 0x0000000086e00000|  0%| F|  |TAMS 0x0000000086d00000, 0x0000000086d00000| Untracked 
|  46|0x0000000086e00000, 0x0000000086e00000, 0x0000000086f00000|  0%| F|  |TAMS 0x0000000086e00000, 0x0000000086e00000| Untracked 
|  47|0x0000000086f00000, 0x0000000086f00000, 0x0000000087000000|  0%| F|  |TAMS 0x0000000086f00000, 0x0000000086f00000| Untracked 
|  48|0x0000000087000000, 0x0000000087000000, 0x0000000087100000|  0%| F|  |TAMS 0x0000000087000000, 0x0000000087000000| Untracked 
|  49|0x0000000087100000, 0x0000000087100000, 0x0000000087200000|  0%| F|  |TAMS 0x0000000087100000, 0x0000000087100000| Untracked 
|  50|0x0000000087200000, 0x0000000087200000, 0x0000000087300000|  0%| F|  |TAMS 0x0000000087200000, 0x0000000087200000| Untracked 
|  51|0x0000000087300000, 0x0000000087300000, 0x0000000087400000|  0%| F|  |TAMS 0x0000000087300000, 0x0000000087300000| Untracked 
|  52|0x0000000087400000, 0x0000000087400000, 0x0000000087500000|  0%| F|  |TAMS 0x0000000087400000, 0x0000000087400000| Untracked 
|  53|0x0000000087500000, 0x0000000087500000, 0x0000000087600000|  0%| F|  |TAMS 0x0000000087500000, 0x0000000087500000| Untracked 
|  54|0x0000000087600000, 0x0000000087600000, 0x0000000087700000|  0%| F|  |TAMS 0x0000000087600000, 0x0000000087600000| Untracked 
|  55|0x0000000087700000, 0x0000000087700000, 0x0000000087800000|  0%| F|  |TAMS 0x0000000087700000, 0x0000000087700000| Untracked 
|  56|0x0000000087800000, 0x0000000087800000, 0x0000000087900000|  0%| F|  |TAMS 0x0000000087800000, 0x0000000087800000| Untracked 
|  57|0x0000000087900000, 0x0000000087900000, 0x0000000087a00000|  0%| F|  |TAMS 0x0000000087900000, 0x0000000087900000| Untracked 
|  58|0x0000000087a00000, 0x0000000087a00000, 0x0000000087b00000|  0%| F|  |TAMS 0x0000000087a00000, 0x0000000087a00000| Untracked 
|  59|0x0000000087b00000, 0x0000000087b00000, 0x0000000087c00000|  0%| F|  |TAMS 0x0000000087b00000, 0x0000000087b00000| Untracked 
|  60|0x0000000087c00000, 0x0000000087c00000, 0x0000000087d00000|  0%| F|  |TAMS 0x0000000087c00000, 0x0000000087c00000| Untracked 
|  61|0x0000000087d00000, 0x0000000087d00000, 0x0000000087e00000|  0%| F|  |TAMS 0x0000000087d00000, 0x0000000087d00000| Untracked 
|  62|0x0000000087e00000, 0x0000000087e00000, 0x0000000087f00000|  0%| F|  |TAMS 0x0000000087e00000, 0x0000000087e00000| Untracked 
|  63|0x0000000087f00000, 0x0000000087f00000, 0x0000000088000000|  0%| F|  |TAMS 0x0000000087f00000, 0x0000000087f00000| Untracked 
|  64|0x0000000088000000, 0x0000000088000000, 0x0000000088100000|  0%| F|  |TAMS 0x0000000088000000, 0x0000000088000000| Untracked 
|  65|0x0000000088100000, 0x0000000088100000, 0x0000000088200000|  0%| F|  |TAMS 0x0000000088100000, 0x0000000088100000| Untracked 
|  66|0x0000000088200000, 0x0000000088200000, 0x0000000088300000|  0%| F|  |TAMS 0x0000000088200000, 0x0000000088200000| Untracked 
|  67|0x0000000088300000, 0x0000000088300000, 0x0000000088400000|  0%| F|  |TAMS 0x0000000088300000, 0x0000000088300000| Untracked 
|  68|0x0000000088400000, 0x0000000088400000, 0x0000000088500000|  0%| F|  |TAMS 0x0000000088400000, 0x0000000088400000| Untracked 
|  69|0x0000000088500000, 0x0000000088500000, 0x0000000088600000|  0%| F|  |TAMS 0x0000000088500000, 0x0000000088500000| Untracked 
|  70|0x0000000088600000, 0x0000000088600000, 0x0000000088700000|  0%| F|  |TAMS 0x0000000088600000, 0x0000000088600000| Untracked 
|  71|0x0000000088700000, 0x0000000088700000, 0x0000000088800000|  0%| F|  |TAMS 0x0000000088700000, 0x0000000088700000| Untracked 
|  72|0x0000000088800000, 0x0000000088800000, 0x0000000088900000|  0%| F|  |TAMS 0x0000000088800000, 0x0000000088800000| Untracked 
|  73|0x0000000088900000, 0x0000000088900000, 0x0000000088a00000|  0%| F|  |TAMS 0x0000000088900000, 0x0000000088900000| Untracked 
|  74|0x0000000088a00000, 0x0000000088a00000, 0x0000000088b00000|  0%| F|  |TAMS 0x0000000088a00000, 0x0000000088a00000| Untracked 
|  75|0x0000000088b00000, 0x0000000088b00000, 0x0000000088c00000|  0%| F|  |TAMS 0x0000000088b00000, 0x0000000088b00000| Untracked 
|  76|0x0000000088c00000, 0x0000000088c00000, 0x0000000088d00000|  0%| F|  |TAMS 0x0000000088c00000, 0x0000000088c00000| Untracked 
|  77|0x0000000088d00000, 0x0000000088d00000, 0x0000000088e00000|  0%| F|  |TAMS 0x0000000088d00000, 0x0000000088d00000| Untracked 
|  78|0x0000000088e00000, 0x0000000088e00000, 0x0000000088f00000|  0%| F|  |TAMS 0x0000000088e00000, 0x0000000088e00000| Untracked 
|  79|0x0000000088f00000, 0x0000000088f00000, 0x0000000089000000|  0%| F|  |TAMS 0x0000000088f00000, 0x0000000088f00000| Untracked 
|  80|0x0000000089000000, 0x0000000089000000, 0x0000000089100000|  0%| F|  |TAMS 0x0000000089000000, 0x0000000089000000| Untracked 
|  81|0x0000000089100000, 0x0000000089100000, 0x0000000089200000|  0%| F|  |TAMS 0x0000000089100000, 0x0000000089100000| Untracked 
|  82|0x0000000089200000, 0x0000000089200000, 0x0000000089300000|  0%| F|  |TAMS 0x0000000089200000, 0x0000000089200000| Untracked 
|  83|0x0000000089300000, 0x0000000089300000, 0x0000000089400000|  0%| F|  |TAMS 0x0000000089300000, 0x0000000089300000| Untracked 
|  84|0x0000000089400000, 0x0000000089400000, 0x0000000089500000|  0%| F|  |TAMS 0x0000000089400000, 0x0000000089400000| Untracked 
|  85|0x0000000089500000, 0x0000000089500000, 0x0000000089600000|  0%| F|  |TAMS 0x0000000089500000, 0x0000000089500000| Untracked 
|  86|0x0000000089600000, 0x0000000089600000, 0x0000000089700000|  0%| F|  |TAMS 0x0000000089600000, 0x0000000089600000| Untracked 
|  87|0x0000000089700000, 0x0000000089700000, 0x0000000089800000|  0%| F|  |TAMS 0x0000000089700000, 0x0000000089700000| Untracked 
|  88|0x0000000089800000, 0x0000000089800000, 0x0000000089900000|  0%| F|  |TAMS 0x0000000089800000, 0x0000000089800000| Untracked 
|  89|0x0000000089900000, 0x0000000089900000, 0x0000000089a00000|  0%| F|  |TAMS 0x0000000089900000, 0x0000000089900000| Untracked 
|  90|0x0000000089a00000, 0x0000000089a00000, 0x0000000089b00000|  0%| F|  |TAMS 0x0000000089a00000, 0x0000000089a00000| Untracked 
|  91|0x0000000089b00000, 0x0000000089b00000, 0x0000000089c00000|  0%| F|  |TAMS 0x0000000089b00000, 0x0000000089b00000| Untracked 
|  92|0x0000000089c00000, 0x0000000089c00000, 0x0000000089d00000|  0%| F|  |TAMS 0x0000000089c00000, 0x0000000089c00000| Untracked 
|  93|0x0000000089d00000, 0x0000000089d00000, 0x0000000089e00000|  0%| F|  |TAMS 0x0000000089d00000, 0x0000000089d00000| Untracked 
|  94|0x0000000089e00000, 0x0000000089e00000, 0x0000000089f00000|  0%| F|  |TAMS 0x0000000089e00000, 0x0000000089e00000| Untracked 
|  95|0x0000000089f00000, 0x0000000089f00000, 0x000000008a000000|  0%| F|  |TAMS 0x0000000089f00000, 0x0000000089f00000| Untracked 
|  96|0x000000008a000000, 0x000000008a000000, 0x000000008a100000|  0%| F|  |TAMS 0x000000008a000000, 0x000000008a000000| Untracked 
|  97|0x000000008a100000, 0x000000008a1940b0, 0x000000008a200000| 57%| S|CS|TAMS 0x000000008a100000, 0x000000008a100000| Complete 
|  98|0x000000008a200000, 0x000000008a300000, 0x000000008a300000|100%| S|CS|TAMS 0x000000008a200000, 0x000000008a200000| Complete 
|  99|0x000000008a300000, 0x000000008a400000, 0x000000008a400000|100%| S|CS|TAMS 0x000000008a300000, 0x000000008a300000| Complete 
| 100|0x000000008a400000, 0x000000008a400000, 0x000000008a500000|  0%| F|  |TAMS 0x000000008a400000, 0x000000008a400000| Untracked 
| 101|0x000000008a500000, 0x000000008a500000, 0x000000008a600000|  0%| F|  |TAMS 0x000000008a500000, 0x000000008a500000| Untracked 
| 102|0x000000008a600000, 0x000000008a600000, 0x000000008a700000|  0%| F|  |TAMS 0x000000008a600000, 0x000000008a600000| Untracked 
| 103|0x000000008a700000, 0x000000008a700000, 0x000000008a800000|  0%| F|  |TAMS 0x000000008a700000, 0x000000008a700000| Untracked 
| 104|0x000000008a800000, 0x000000008a800000, 0x000000008a900000|  0%| F|  |TAMS 0x000000008a800000, 0x000000008a800000| Untracked 
| 105|0x000000008a900000, 0x000000008a900000, 0x000000008aa00000|  0%| F|  |TAMS 0x000000008a900000, 0x000000008a900000| Untracked 
| 106|0x000000008aa00000, 0x000000008aa00000, 0x000000008ab00000|  0%| F|  |TAMS 0x000000008aa00000, 0x000000008aa00000| Untracked 
| 107|0x000000008ab00000, 0x000000008ab00000, 0x000000008ac00000|  0%| F|  |TAMS 0x000000008ab00000, 0x000000008ab00000| Untracked 
| 108|0x000000008ac00000, 0x000000008ac00000, 0x000000008ad00000|  0%| F|  |TAMS 0x000000008ac00000, 0x000000008ac00000| Untracked 
| 109|0x000000008ad00000, 0x000000008ad00000, 0x000000008ae00000|  0%| F|  |TAMS 0x000000008ad00000, 0x000000008ad00000| Untracked 
| 110|0x000000008ae00000, 0x000000008ae00000, 0x000000008af00000|  0%| F|  |TAMS 0x000000008ae00000, 0x000000008ae00000| Untracked 
| 111|0x000000008af00000, 0x000000008af00000, 0x000000008b000000|  0%| F|  |TAMS 0x000000008af00000, 0x000000008af00000| Untracked 
| 112|0x000000008b000000, 0x000000008b000000, 0x000000008b100000|  0%| F|  |TAMS 0x000000008b000000, 0x000000008b000000| Untracked 
| 113|0x000000008b100000, 0x000000008b100000, 0x000000008b200000|  0%| F|  |TAMS 0x000000008b100000, 0x000000008b100000| Untracked 
| 114|0x000000008b200000, 0x000000008b200000, 0x000000008b300000|  0%| F|  |TAMS 0x000000008b200000, 0x000000008b200000| Untracked 
| 115|0x000000008b300000, 0x000000008b300000, 0x000000008b400000|  0%| F|  |TAMS 0x000000008b300000, 0x000000008b300000| Untracked 
| 116|0x000000008b400000, 0x000000008b400000, 0x000000008b500000|  0%| F|  |TAMS 0x000000008b400000, 0x000000008b400000| Untracked 
| 117|0x000000008b500000, 0x000000008b500000, 0x000000008b600000|  0%| F|  |TAMS 0x000000008b500000, 0x000000008b500000| Untracked 
| 118|0x000000008b600000, 0x000000008b600000, 0x000000008b700000|  0%| F|  |TAMS 0x000000008b600000, 0x000000008b600000| Untracked 
| 119|0x000000008b700000, 0x000000008b800000, 0x000000008b800000|100%| E|  |TAMS 0x000000008b700000, 0x000000008b700000| Complete 
| 120|0x000000008b800000, 0x000000008b900000, 0x000000008b900000|100%| E|CS|TAMS 0x000000008b800000, 0x000000008b800000| Complete 
| 121|0x000000008b900000, 0x000000008ba00000, 0x000000008ba00000|100%| E|CS|TAMS 0x000000008b900000, 0x000000008b900000| Complete 
| 122|0x000000008ba00000, 0x000000008bb00000, 0x000000008bb00000|100%| E|CS|TAMS 0x000000008ba00000, 0x000000008ba00000| Complete 
| 123|0x000000008bb00000, 0x000000008bc00000, 0x000000008bc00000|100%| E|CS|TAMS 0x000000008bb00000, 0x000000008bb00000| Complete 

Card table byte_map: [0x000001cbf5b50000,0x000001cbf5f30000] _byte_map_base: 0x000001cbf5730000

Marking Bits (Prev, Next): (CMBitMap*) 0x000001cbdef23030, (CMBitMap*) 0x000001cbdef23070
 Prev Bits: [0x000001cbf6310000, 0x000001cbf8210000)
 Next Bits: [0x000001cbf8210000, 0x000001cbfa110000)

Polling page: 0x000001cbdcec0000

Metaspace:

Usage:
  Non-class:     12.88 MB used.
      Class:      1.89 MB used.
       Both:     14.76 MB used.

Virtual space:
  Non-class space:       64.00 MB reserved,      13.06 MB ( 20%) committed,  1 nodes.
      Class space:        1.00 GB reserved,       2.00 MB ( <1%) committed,  1 nodes.
             Both:        1.06 GB reserved,      15.06 MB (  1%) committed. 

Chunk freelists:
   Non-Class:  2.55 MB
       Class:  14.00 MB
        Both:  16.55 MB

MaxMetaspaceSize: unlimited
CompressedClassSpaceSize: 1.00 GB
Initial GC threshold: 21.00 MB
Current GC threshold: 21.00 MB
CDS: on
MetaspaceReclaimPolicy: balanced
 - commit_granule_bytes: 65536.
 - commit_granule_words: 8192.
 - virtual_space_node_default_size: 8388608.
 - enlarge_chunks_in_place: 1.
 - new_chunks_are_fully_committed: 0.
 - uncommit_free_chunks: 1.
 - use_allocation_guard: 0.
 - handle_deallocations: 1.


Internal statistics:

num_allocs_failed_limit: 0.
num_arena_births: 244.
num_arena_deaths: 0.
num_vsnodes_births: 2.
num_vsnodes_deaths: 0.
num_space_committed: 241.
num_space_uncommitted: 0.
num_chunks_returned_to_freelist: 0.
num_chunks_taken_from_freelist: 654.
num_chunk_merges: 0.
num_chunk_splits: 435.
num_chunks_enlarged: 313.
num_inconsistent_stats: 0.

CodeHeap 'non-profiled nmethods': size=120000Kb used=706Kb max_used=706Kb free=119293Kb
 bounds [0x000001cbee240000, 0x000001cbee4b0000, 0x000001cbf5770000]
CodeHeap 'profiled nmethods': size=120000Kb used=3554Kb max_used=3554Kb free=116445Kb
 bounds [0x000001cbe6770000, 0x000001cbe6af0000, 0x000001cbedca0000]
CodeHeap 'non-nmethods': size=5760Kb used=1231Kb max_used=1249Kb free=4528Kb
 bounds [0x000001cbedca0000, 0x000001cbedf10000, 0x000001cbee240000]
 total_blobs=2319 nmethods=1801 adapters=430
 compilation: enabled
              stopped_count=0, restarted_count=0
 full_count=0

Compilation events (20 events):
Event: 1.873 Thread 0x000001cbfc5ed870 1782       3       java.util.Locale::equals (75 bytes)
Event: 1.873 Thread 0x000001cbfc5ed870 nmethod 1782 0x000001cbe6ad8010 code [0x000001cbe6ad8220, 0x000001cbe6ad8998]
Event: 1.873 Thread 0x000001cbfc5ed870 1783       3       java.util.Locale::stripExtensions (20 bytes)
Event: 1.874 Thread 0x000001cbfc5ed870 nmethod 1783 0x000001cbe6ad8b10 code [0x000001cbe6ad8cc0, 0x000001cbe6ad8f48]
Event: 1.874 Thread 0x000001cbfc5ed870 1784       3       sun.util.locale.BaseLocale::equals (71 bytes)
Event: 1.874 Thread 0x000001cbfc5ed870 nmethod 1784 0x000001cbe6ad9010 code [0x000001cbe6ad91e0, 0x000001cbe6ad96d8]
Event: 1.874 Thread 0x000001cbfc5ed870 1777       3       sun.util.locale.LocaleUtils::isEmpty (19 bytes)
Event: 1.874 Thread 0x000001cbfc5ed870 nmethod 1777 0x000001cbe6ad9790 code [0x000001cbe6ad9940, 0x000001cbe6ad9b88]
Event: 1.874 Thread 0x000001cbfc5ed870 1786       3       java.lang.Class::arrayContentsEq (70 bytes)
Event: 1.875 Thread 0x000001cbfc5ed870 nmethod 1786 0x000001cbe6ad9c90 code [0x000001cbe6ad9e60, 0x000001cbe6ada2d8]
Event: 1.877 Thread 0x000001cbfc5ed870 1787       3       java.lang.AbstractStringBuilder::isLatin1 (19 bytes)
Event: 1.877 Thread 0x000001cbfc5ed870 nmethod 1787 0x000001cbe6ada410 code [0x000001cbe6ada5a0, 0x000001cbe6ada718]
Event: 1.878 Thread 0x000001cbfc5ed870 1788       1       java.lang.invoke.MethodHandle::internalForm (5 bytes)
Event: 1.878 Thread 0x000001cbfc5ed870 nmethod 1788 0x000001cbee2f0590 code [0x000001cbee2f0720, 0x000001cbee2f07f8]
Event: 1.880 Thread 0x000001cbfc5ed870 1790       3       java.util.Calendar::internalSet (8 bytes)
Event: 1.880 Thread 0x000001cbfc5ed870 nmethod 1790 0x000001cbe6ada790 code [0x000001cbe6ada920, 0x000001cbe6adaa58]
Event: 1.888 Thread 0x000001cbfc5ed870 1791       3       java.lang.CharacterData::of (136 bytes)
Event: 1.888 Thread 0x000001cbfc5ed870 nmethod 1791 0x000001cbe6adab10 code [0x000001cbe6adad40, 0x000001cbe6adb638]
Event: 1.891 Thread 0x000001cbfc5ed870 1792       2       java.lang.String::regionMatches (150 bytes)
Event: 1.891 Thread 0x000001cbfc5ed870 nmethod 1792 0x000001cbe6adb890 code [0x000001cbe6adba80, 0x000001cbe6adbd68]

GC Heap History (6 events):
Event: 0.694 GC heap before
{Heap before GC invocations=0 (full 0):
 garbage-first heap   total 126976K, used 14336K [0x0000000084000000, 0x0000000100000000)
  region size 1024K, 13 young (13312K), 0 survivors (0K)
 Metaspace       used 4442K, committed 4544K, reserved 1114112K
  class space    used 469K, committed 512K, reserved 1048576K
}
Event: 0.701 GC heap after
{Heap after GC invocations=1 (full 0):
 garbage-first heap   total 126976K, used 7264K [0x0000000084000000, 0x0000000100000000)
  region size 1024K, 2 young (2048K), 2 survivors (2048K)
 Metaspace       used 4442K, committed 4544K, reserved 1114112K
  class space    used 469K, committed 512K, reserved 1048576K
}
Event: 1.037 GC heap before
{Heap before GC invocations=1 (full 0):
 garbage-first heap   total 126976K, used 17504K [0x0000000084000000, 0x0000000100000000)
  region size 1024K, 12 young (12288K), 2 survivors (2048K)
 Metaspace       used 7311K, committed 7488K, reserved 1114112K
  class space    used 819K, committed 896K, reserved 1048576K
}
Event: 1.039 GC heap after
{Heap after GC invocations=2 (full 0):
 garbage-first heap   total 126976K, used 8126K [0x0000000084000000, 0x0000000100000000)
  region size 1024K, 1 young (1024K), 1 survivors (1024K)
 Metaspace       used 7311K, committed 7488K, reserved 1114112K
  class space    used 819K, committed 896K, reserved 1048576K
}
Event: 1.789 GC heap before
{Heap before GC invocations=2 (full 0):
 garbage-first heap   total 126976K, used 31678K [0x0000000084000000, 0x0000000100000000)
  region size 1024K, 24 young (24576K), 1 survivors (1024K)
 Metaspace       used 13888K, committed 14144K, reserved 1114112K
  class space    used 1775K, committed 1920K, reserved 1048576K
}
Event: 1.794 GC heap after
{Heap after GC invocations=3 (full 0):
 garbage-first heap   total 126976K, used 10087K [0x0000000084000000, 0x0000000100000000)
  region size 1024K, 3 young (3072K), 3 survivors (3072K)
 Metaspace       used 13888K, committed 14144K, reserved 1114112K
  class space    used 1775K, committed 1920K, reserved 1048576K
}

Deoptimization events (20 events):
Event: 1.758 Thread 0x000001cbdeeca570 Uncommon trap: trap_request=0xffffff45 fr.pc=0x000001cbee28409c relative=0x000000000000015c
Event: 1.758 Thread 0x000001cbdeeca570 Uncommon trap: reason=unstable_if action=reinterpret pc=0x000001cbee28409c method=java.lang.invoke.VarHandle.checkExactAccessMode(Ljava/lang/invoke/VarHandle$AccessDescriptor;)V @ 4 c2
Event: 1.758 Thread 0x000001cbdeeca570 DEOPT PACKING pc=0x000001cbee28409c sp=0x0000008e60ffdb40
Event: 1.758 Thread 0x000001cbdeeca570 DEOPT UNPACKING pc=0x000001cbedcf5ba3 sp=0x0000008e60ffda80 mode 2
Event: 1.876 Thread 0x000001cbdeeca570 Uncommon trap: trap_request=0xffffff45 fr.pc=0x000001cbee25d3dc relative=0x000000000000043c
Event: 1.876 Thread 0x000001cbdeeca570 Uncommon trap: reason=unstable_if action=reinterpret pc=0x000001cbee25d3dc method=java.lang.StringLatin1.canEncode(I)Z @ 4 c2
Event: 1.876 Thread 0x000001cbdeeca570 DEOPT PACKING pc=0x000001cbee25d3dc sp=0x0000008e60ffca60
Event: 1.876 Thread 0x000001cbdeeca570 DEOPT UNPACKING pc=0x000001cbedcf5ba3 sp=0x0000008e60ffc988 mode 2
Event: 1.876 Thread 0x000001cbdeeca570 Uncommon trap: trap_request=0xffffff45 fr.pc=0x000001cbee25e540 relative=0x0000000000000420
Event: 1.876 Thread 0x000001cbdeeca570 Uncommon trap: reason=unstable_if action=reinterpret pc=0x000001cbee25e540 method=java.lang.AbstractStringBuilder.isLatin1()Z @ 10 c2
Event: 1.876 Thread 0x000001cbdeeca570 DEOPT PACKING pc=0x000001cbee25e540 sp=0x0000008e60ffca80
Event: 1.876 Thread 0x000001cbdeeca570 DEOPT UNPACKING pc=0x000001cbedcf5ba3 sp=0x0000008e60ffca00 mode 2
Event: 1.876 Thread 0x000001cbdeeca570 Uncommon trap: trap_request=0xffffff45 fr.pc=0x000001cbee259edc relative=0x000000000000005c
Event: 1.876 Thread 0x000001cbdeeca570 Uncommon trap: reason=unstable_if action=reinterpret pc=0x000001cbee259edc method=java.lang.AbstractStringBuilder.isLatin1()Z @ 10 c2
Event: 1.876 Thread 0x000001cbdeeca570 DEOPT PACKING pc=0x000001cbee259edc sp=0x0000008e60ffca60
Event: 1.876 Thread 0x000001cbdeeca570 DEOPT UNPACKING pc=0x000001cbedcf5ba3 sp=0x0000008e60ffc9f0 mode 2
Event: 1.878 Thread 0x000001cbdeeca570 Uncommon trap: trap_request=0xffffff45 fr.pc=0x000001cbee289f48 relative=0x0000000000000048
Event: 1.878 Thread 0x000001cbdeeca570 Uncommon trap: reason=unstable_if action=reinterpret pc=0x000001cbee289f48 method=java.lang.CharacterData.of(I)Ljava/lang/CharacterData; @ 4 c2
Event: 1.878 Thread 0x000001cbdeeca570 DEOPT PACKING pc=0x000001cbee289f48 sp=0x0000008e60ffc210
Event: 1.878 Thread 0x000001cbdeeca570 DEOPT UNPACKING pc=0x000001cbedcf5ba3 sp=0x0000008e60ffc1b0 mode 2

Classes unloaded (0 events):
No events

Classes redefined (0 events):
No events

Internal exceptions (20 events):
Event: 0.868 Thread 0x000001cbdeeca570 Exception <a 'java/lang/NoSuchMethodError'{0x000000008b5822f8}: 'void java.lang.invoke.DelegatingMethodHandle$Holder.delegate(java.lang.Object, java.lang.Object, int, java.lang.Object)'> (0x000000008b5822f8) 
thrown [s\open\src\hotspot\share\interpreter\linkResolver.cpp, line 759]
Event: 0.869 Thread 0x000001cbdeeca570 Exception <a 'java/lang/NoSuchMethodError'{0x000000008b5865d8}: 'int java.lang.invoke.DirectMethodHandle$Holder.invokeSpecial(java.lang.Object, java.lang.Object, java.lang.Object)'> (0x000000008b5865d8) 
thrown [s\open\src\hotspot\share\interpreter\linkResolver.cpp, line 759]
Event: 0.892 Thread 0x000001cbdeeca570 Exception <a 'java/lang/NoSuchMethodError'{0x000000008b5d0180}: 'java.lang.Object java.lang.invoke.DirectMethodHandle$Holder.invokeInterface(java.lang.Object, java.lang.Object)'> (0x000000008b5d0180) 
thrown [s\open\src\hotspot\share\interpreter\linkResolver.cpp, line 759]
Event: 0.893 Thread 0x000001cbdeeca570 Exception <a 'java/lang/IncompatibleClassChangeError'{0x000000008b5d3978}: Found class java.lang.Object, but interface was expected> (0x000000008b5d3978) 
thrown [s\open\src\hotspot\share\interpreter\linkResolver.cpp, line 826]
Event: 0.898 Thread 0x000001cbdeeca570 Exception <a 'java/lang/NoSuchMethodError'{0x000000008b5e29c8}: 'void java.lang.invoke.DirectMethodHandle$Holder.invokeSpecial(java.lang.Object, java.lang.Object, java.lang.Object)'> (0x000000008b5e29c8) 
thrown [s\open\src\hotspot\share\interpreter\linkResolver.cpp, line 759]
Event: 0.901 Thread 0x000001cbdeeca570 Exception <a 'java/lang/NoSuchMethodError'{0x000000008b5f8168}: 'java.lang.Object java.lang.invoke.DirectMethodHandle$Holder.newInvokeSpecial(java.lang.Object, java.lang.Object, java.lang.Object, int, java.lang.Object)'> (0x000000008b5f8168) 
thrown [s\open\src\hotspot\share\interpreter\linkResolver.cpp, line 759]
Event: 0.902 Thread 0x000001cbdeeca570 Exception <a 'java/lang/NoSuchMethodError'{0x000000008b400218}: 'java.lang.Object java.lang.invoke.Invokers$Holder.linkToTargetMethod(java.lang.Object, java.lang.Object, int, java.lang.Object, java.lang.Object)'> (0x000000008b400218) 
thrown [s\open\src\hotspot\share\interpreter\linkResolver.cpp, line 759]
Event: 1.163 Thread 0x000001cbdeeca570 Exception <a 'java/lang/NoSuchMethodError'{0x000000008b61a7d0}: 'java.lang.Object java.lang.invoke.DirectMethodHandle$Holder.newInvokeSpecial(java.lang.Object, long, int, java.lang.Object)'> (0x000000008b61a7d0) 
thrown [s\open\src\hotspot\share\interpreter\linkResolver.cpp, line 759]
Event: 1.197 Thread 0x000001cbdeeca570 Exception <a 'java/lang/NoSuchMethodError'{0x000000008b686998}: 'void java.lang.invoke.DirectMethodHandle$Holder.invokeStaticInit(java.lang.Object, java.lang.Object, java.lang.Object, java.lang.Object)'> (0x000000008b686998) 
thrown [s\open\src\hotspot\share\interpreter\linkResolver.cpp, line 759]
Event: 1.400 Thread 0x000001cbdeeca570 Exception <a 'java/lang/NoSuchMethodError'{0x000000008b02aae8}: 'int java.lang.invoke.DirectMethodHandle$Holder.invokeInterface(java.lang.Object, java.lang.Object)'> (0x000000008b02aae8) 
thrown [s\open\src\hotspot\share\interpreter\linkResolver.cpp, line 759]
Event: 1.401 Thread 0x000001cbdeeca570 Exception <a 'java/lang/IncompatibleClassChangeError'{0x000000008b02e078}: Found class java.lang.Object, but interface was expected> (0x000000008b02e078) 
thrown [s\open\src\hotspot\share\interpreter\linkResolver.cpp, line 826]
Event: 1.534 Thread 0x000001cbdeeca570 Exception <a 'java/lang/NoSuchMethodError'{0x000000008adc81d0}: 'java.lang.Object java.lang.invoke.DirectMethodHandle$Holder.invokeStaticInit(java.lang.Object, int)'> (0x000000008adc81d0) 
thrown [s\open\src\hotspot\share\interpreter\linkResolver.cpp, line 759]
Event: 1.739 Thread 0x000001cbdeeca570 Exception <a 'java/lang/IncompatibleClassChangeError'{0x000000008a51cee0}: Found class java.lang.Object, but interface was expected> (0x000000008a51cee0) 
thrown [s\open\src\hotspot\share\interpreter\linkResolver.cpp, line 826]
Event: 1.748 Thread 0x000001cbdeeca570 Exception <a 'java/lang/NoSuchMethodError'{0x000000008a5691b8}: 'java.lang.Object java.lang.invoke.DirectMethodHandle$Holder.newInvokeSpecial(java.lang.Object, java.lang.Object, int, java.lang.Object, java.lang.Object)'> (0x000000008a5691b8) 
thrown [s\open\src\hotspot\share\interpreter\linkResolver.cpp, line 759]
Event: 1.760 Thread 0x000001cbdeeca570 Exception <a 'java/lang/NoSuchMethodError'{0x000000008a5caa78}: 'java.lang.Object java.lang.invoke.DirectMethodHandle$Holder.newInvokeSpecial(java.lang.Object, int, java.lang.Object)'> (0x000000008a5caa78) 
thrown [s\open\src\hotspot\share\interpreter\linkResolver.cpp, line 759]
Event: 1.769 Thread 0x000001cbdeeca570 Exception <a 'java/lang/NoSuchMethodError'{0x000000008a5ef1b8}: 'java.lang.Object java.lang.invoke.DirectMethodHandle$Holder.invokeStatic(java.lang.Object, java.lang.Object, int, java.lang.Object, java.lang.Object)'> (0x000000008a5ef1b8) 
thrown [s\open\src\hotspot\share\interpreter\linkResolver.cpp, line 759]
Event: 1.770 Thread 0x000001cbdeeca570 Exception <a 'java/lang/NoSuchMethodError'{0x000000008a5f9cc8}: 'java.lang.Object java.lang.invoke.DirectMethodHandle$Holder.newInvokeSpecial(java.lang.Object, java.lang.Object, int, java.lang.Object)'> (0x000000008a5f9cc8) 
thrown [s\open\src\hotspot\share\interpreter\linkResolver.cpp, line 759]
Event: 1.771 Thread 0x000001cbdeeca570 Exception <a 'java/lang/NoSuchMethodError'{0x000000008a5fda80}: 'java.lang.Object java.lang.invoke.DirectMethodHandle$Holder.invokeSpecial(java.lang.Object, java.lang.Object, java.lang.Object, int, java.lang.Object)'> (0x000000008a5fda80) 
thrown [s\open\src\hotspot\share\interpreter\linkResolver.cpp, line 759]
Event: 1.771 Thread 0x000001cbdeeca570 Exception <a 'java/lang/NoSuchMethodError'{0x000000008a4018f0}: 'java.lang.Object java.lang.invoke.Invokers$Holder.linkToTargetMethod(java.lang.Object, int, java.lang.Object, java.lang.Object)'> (0x000000008a4018f0) 
thrown [s\open\src\hotspot\share\interpreter\linkResolver.cpp, line 759]
Event: 1.818 Thread 0x000001cbdeeca570 Exception <a 'java/lang/NoSuchMethodError'{0x000000008ba2ccf8}: 'void java.lang.invoke.DirectMethodHandle$Holder.invokeInterface(java.lang.Object, java.lang.Object)'> (0x000000008ba2ccf8) 
thrown [s\open\src\hotspot\share\interpreter\linkResolver.cpp, line 759]

VM Operations (20 events):
Event: 0.694 Executing VM operation: G1CollectForAllocation
Event: 0.701 Executing VM operation: G1CollectForAllocation done
Event: 0.705 Executing VM operation: HandshakeAllThreads
Event: 0.705 Executing VM operation: HandshakeAllThreads done
Event: 0.867 Executing VM operation: HandshakeAllThreads
Event: 0.867 Executing VM operation: HandshakeAllThreads done
Event: 0.895 Executing VM operation: HandshakeAllThreads
Event: 0.895 Executing VM operation: HandshakeAllThreads done
Event: 1.037 Executing VM operation: G1CollectForAllocation
Event: 1.039 Executing VM operation: G1CollectForAllocation done
Event: 1.287 Executing VM operation: HandshakeAllThreads
Event: 1.287 Executing VM operation: HandshakeAllThreads done
Event: 1.789 Executing VM operation: G1CollectForAllocation
Event: 1.794 Executing VM operation: G1CollectForAllocation done
Event: 1.830 Executing VM operation: HandshakeAllThreads
Event: 1.830 Executing VM operation: HandshakeAllThreads done
Event: 1.863 Executing VM operation: HandshakeAllThreads
Event: 1.863 Executing VM operation: HandshakeAllThreads done
Event: 1.878 Executing VM operation: HandshakeAllThreads
Event: 1.878 Executing VM operation: HandshakeAllThreads done

Events (20 events):
Event: 1.815 loading class java/util/ArrayList$SubList$1
Event: 1.815 loading class java/util/ArrayList$SubList$1 done
Event: 1.820 loading class java/util/LinkedList$ListItr
Event: 1.820 loading class java/util/LinkedList$ListItr done
Event: 1.823 loading class java/util/concurrent/ConcurrentHashMap$EntrySpliterator
Event: 1.824 loading class java/util/concurrent/ConcurrentHashMap$EntrySpliterator done
Event: 1.831 loading class java/util/concurrent/ExecutionException
Event: 1.831 loading class java/util/concurrent/ExecutionException done
Event: 1.845 loading class java/io/UncheckedIOException
Event: 1.845 loading class java/io/UncheckedIOException done
Event: 1.862 loading class java/security/AccessControlException
Event: 1.862 loading class java/security/AccessControlException done
Event: 1.874 loading class sun/text/resources/cldr/FormatData_en
Event: 1.875 loading class sun/text/resources/cldr/FormatData_en done
Event: 1.875 loading class sun/text/resources/cldr/FormatData_en_US
Event: 1.875 loading class sun/text/resources/cldr/FormatData_en_US done
Event: 1.880 loading class java/text/ParsePosition
Event: 1.880 loading class java/text/ParsePosition done
Event: 1.880 loading class java/text/CalendarBuilder
Event: 1.881 loading class java/text/CalendarBuilder done


Dynamic libraries:
0x00007ff76ae00000 - 0x00007ff76ae10000 	C:\Program Files\Java\jdk-17\bin\javaw.exe
0x00007ffe41450000 - 0x00007ffe41667000 	C:\WINDOWS\SYSTEM32\ntdll.dll
0x00007ffe40840000 - 0x00007ffe40904000 	C:\WINDOWS\System32\KERNEL32.DLL
0x00007ffe3ecf0000 - 0x00007ffe3f0aa000 	C:\WINDOWS\System32\KERNELBASE.dll
0x00007ffe3ea90000 - 0x00007ffe3eba1000 	C:\WINDOWS\System32\ucrtbase.dll
0x00007ffe02370000 - 0x00007ffe0238b000 	C:\Program Files\Java\jdk-17\bin\VCRUNTIME140.dll
0x00007ffe02390000 - 0x00007ffe023a9000 	C:\Program Files\Java\jdk-17\bin\jli.dll
0x00007ffe40140000 - 0x00007ffe401f2000 	C:\WINDOWS\System32\ADVAPI32.dll
0x00007ffe40d00000 - 0x00007ffe40da7000 	C:\WINDOWS\System32\msvcrt.dll
0x00007ffe3f790000 - 0x00007ffe3f837000 	C:\WINDOWS\System32\sechost.dll
0x00007ffe3e750000 - 0x00007ffe3e778000 	C:\WINDOWS\System32\bcrypt.dll
0x00007ffe40ee0000 - 0x00007ffe40ff4000 	C:\WINDOWS\System32\RPCRT4.dll
0x00007ffe40b30000 - 0x00007ffe40cde000 	C:\WINDOWS\System32\USER32.dll
0x00007ffe3e720000 - 0x00007ffe3e746000 	C:\WINDOWS\System32\win32u.dll
0x00007ffe40470000 - 0x00007ffe40499000 	C:\WINDOWS\System32\GDI32.dll
0x00007ffe3e8f0000 - 0x00007ffe3ea0b000 	C:\WINDOWS\System32\gdi32full.dll
0x00007ffe3f0b0000 - 0x00007ffe3f14a000 	C:\WINDOWS\System32\msvcp_win.dll
0x00007ffe1ce10000 - 0x00007ffe1d0a2000 	C:\WINDOWS\WinSxS\amd64_microsoft.windows.common-controls_6595b64144ccf1df_6.0.22621.4541_none_2710d1c57384c085\COMCTL32.dll
0x00007ffe34030000 - 0x00007ffe3403a000 	C:\WINDOWS\SYSTEM32\VERSION.dll
0x00007ffe40930000 - 0x00007ffe40961000 	C:\WINDOWS\System32\IMM32.DLL
0x00007ffe101c0000 - 0x00007ffe101cc000 	C:\Program Files\Java\jdk-17\bin\vcruntime140_1.dll
0x00007ffe01ed0000 - 0x00007ffe01f5e000 	C:\Program Files\Java\jdk-17\bin\msvcp140.dll
0x00007ffe012f0000 - 0x00007ffe01ed0000 	C:\Program Files\Java\jdk-17\bin\server\jvm.dll
0x00007ffe40b20000 - 0x00007ffe40b28000 	C:\WINDOWS\System32\PSAPI.DLL
0x00007ffe25430000 - 0x00007ffe25439000 	C:\WINDOWS\SYSTEM32\WSOCK32.dll
0x00007ffe35460000 - 0x00007ffe35494000 	C:\WINDOWS\SYSTEM32\WINMM.dll
0x00007ffe40db0000 - 0x00007ffe40e21000 	C:\WINDOWS\System32\WS2_32.dll
0x00007ffe3d760000 - 0x00007ffe3d778000 	C:\WINDOWS\SYSTEM32\kernel.appcore.dll
0x00007ffe03790000 - 0x00007ffe0379a000 	C:\Program Files\Java\jdk-17\bin\jimage.dll
0x00007ffe3be40000 - 0x00007ffe3c072000 	C:\WINDOWS\SYSTEM32\DBGHELP.DLL
0x00007ffe404b0000 - 0x00007ffe4083f000 	C:\WINDOWS\System32\combase.dll
0x00007ffe41060000 - 0x00007ffe41137000 	C:\WINDOWS\System32\OLEAUT32.dll
0x00007ffe01240000 - 0x00007ffe01272000 	C:\WINDOWS\SYSTEM32\dbgcore.DLL
0x00007ffe3ec70000 - 0x00007ffe3eceb000 	C:\WINDOWS\System32\bcryptPrimitives.dll
0x00007ffe00f60000 - 0x00007ffe00f85000 	C:\Program Files\Java\jdk-17\bin\java.dll
0x00007ffe00640000 - 0x00007ffe00717000 	C:\Program Files\Java\jdk-17\bin\jsvml.dll
0x00007ffe3f840000 - 0x00007ffe400b8000 	C:\WINDOWS\System32\SHELL32.dll
0x00007ffe3c620000 - 0x00007ffe3cf28000 	C:\WINDOWS\SYSTEM32\windows.storage.dll
0x00007ffe3c4e0000 - 0x00007ffe3c61f000 	C:\WINDOWS\SYSTEM32\wintypes.dll
0x00007ffe3f1c0000 - 0x00007ffe3f2ba000 	C:\WINDOWS\System32\SHCORE.dll
0x00007ffe41000000 - 0x00007ffe4105e000 	C:\WINDOWS\System32\shlwapi.dll
0x00007ffe3e650000 - 0x00007ffe3e67b000 	C:\WINDOWS\SYSTEM32\profapi.dll
0x00007ffdfe7f0000 - 0x00007ffdfe809000 	C:\Program Files\Java\jdk-17\bin\net.dll
0x00007ffe386a0000 - 0x00007ffe387d6000 	C:\WINDOWS\SYSTEM32\WINHTTP.dll
0x00007ffe3dbe0000 - 0x00007ffe3dc49000 	C:\WINDOWS\system32\mswsock.dll
0x00007ffdfe7d0000 - 0x00007ffdfe7e6000 	C:\Program Files\Java\jdk-17\bin\nio.dll
0x00007ffdfe7b0000 - 0x00007ffdfe7c8000 	C:\Program Files\Java\jdk-17\bin\zip.dll
0x00007ffe3d1b0000 - 0x00007ffe3d2b2000 	C:\WINDOWS\SYSTEM32\DNSAPI.dll
0x00007ffe3d180000 - 0x00007ffe3d1ad000 	C:\WINDOWS\SYSTEM32\IPHLPAPI.DLL
0x00007ffe404a0000 - 0x00007ffe404a9000 	C:\WINDOWS\System32\NSI.dll
0x00007ffe33460000 - 0x00007ffe3346a000 	C:\Windows\System32\rasadhlp.dll
0x00007ffe35700000 - 0x00007ffe35783000 	C:\WINDOWS\System32\fwpuclnt.dll
0x00007ffe3de30000 - 0x00007ffe3de4b000 	C:\WINDOWS\SYSTEM32\CRYPTSP.dll
0x00007ffe3d6c0000 - 0x00007ffe3d6f5000 	C:\WINDOWS\system32\rsaenh.dll
0x00007ffe3dcd0000 - 0x00007ffe3dcf8000 	C:\WINDOWS\SYSTEM32\USERENV.dll
0x00007ffe3de50000 - 0x00007ffe3de5c000 	C:\WINDOWS\SYSTEM32\CRYPTBASE.dll
0x00007ffe387f0000 - 0x00007ffe38809000 	C:\WINDOWS\SYSTEM32\dhcpcsvc6.DLL
0x00007ffe38680000 - 0x00007ffe3869f000 	C:\WINDOWS\SYSTEM32\dhcpcsvc.DLL
0x00007ffdee510000 - 0x00007ffdee51a000 	C:\Program Files\Java\jdk-17\bin\management.dll
0x00007ffdee500000 - 0x00007ffdee50b000 	C:\Program Files\Java\jdk-17\bin\management_ext.dll
0x00007ffe1be60000 - 0x00007ffe1be77000 	C:\WINDOWS\system32\napinsp.dll
0x00007ffe1bdf0000 - 0x00007ffe1be0b000 	C:\WINDOWS\system32\pnrpnsp.dll
0x00007ffe1bdd0000 - 0x00007ffe1bde1000 	C:\WINDOWS\System32\winrnr.dll
0x00007ffe1bdb0000 - 0x00007ffe1bdc5000 	C:\WINDOWS\system32\wshbth.dll
0x00007ffe1bcc0000 - 0x00007ffe1bce7000 	C:\WINDOWS\system32\nlansp_c.dll
0x00007ffdfe8a0000 - 0x00007ffdfe8b0000 	C:\Program Files\Java\jdk-17\bin\verify.dll

dbghelp: loaded successfully - version: 4.0.5 - missing functions: none
symbol engine: initialized successfully - sym options: 0x614 - pdb path: .;C:\Program Files\Java\jdk-17\bin;C:\WINDOWS\SYSTEM32;C:\WINDOWS\WinSxS\amd64_microsoft.windows.common-controls_6595b64144ccf1df_6.0.22621.4541_none_2710d1c57384c085;C:\Program Files\Java\jdk-17\bin\server

VM Arguments:
jvm_args: -ea -Dfile.encoding=UTF-8 -Dstdout.encoding=UTF-8 -Dstderr.encoding=UTF-8 -XX:+ShowCodeDetailsInExceptionMessages 
java_command: org.testng.remote.RemoteTestNG -serport 55283 -protocol json -d C:\WorkSpace\EmployeeAutomationFramework\DAM_FuncionalityTesting\test-output C:\Users\DCCPL\AppData\Local\Temp\testng-eclipse-583965237\testng-customsuite.xml
java_class_path (initial): C:\Users\DCCPL\eclipse\java-2024-03\eclipse\configuration\org.eclipse.osgi\524\0\.cp\lib\testng-remote.jar;C:\WorkSpace\EmployeeAutomationFramework\DAM_FuncionalityTesting\target\test-classes;C:\WorkSpace\EmployeeAutomationFramework\DAM_FuncionalityTesting\target\classes;C:\Users\DCCPL\.p2\pool\plugins\org.testng_7.4.0.r202105021533.jar;C:\Users\DCCPL\.p2\pool\plugins\com.beust.jcommander_1.78.0.jar;C:\Users\DCCPL\.p2\pool\plugins\org.apache-extras.beanshell.bsh_2.0.0.b6.jar;C:\Users\DCCPL\.p2\pool\plugins\org.yaml.snakeyaml_1.21.0.jar;C:\Users\DCCPL\.p2\pool\plugins\org.webjars.jquery_3.5.1.jar;C:\Users\DCCPL\.m2\repository\org\seleniumhq\selenium\selenium-java\4.26.0\selenium-java-4.26.0.jar;C:\Users\DCCPL\.m2\repository\org\seleniumhq\selenium\selenium-api\4.26.0\selenium-api-4.26.0.jar;C:\Users\DCCPL\.m2\repository\org\jspecify\jspecify\1.0.0\jspecify-1.0.0.jar;C:\Users\DCCPL\.m2\repository\org\seleniumhq\selenium\selenium-chrome-driver\4.26.0\selenium-chrome-driver-4.26.0.jar;C:\Users\DCCPL\.m2\repository\com\google\auto\service\auto-service-annotations\1.1.1\auto-service-annotations-1.1.1.jar;C:\Users\DCCPL\.m2\repository\org\seleniumhq\selenium\selenium-chromium-driver\4.26.0\selenium-chromium-driver-4.26.0.jar;C:\Users\DCCPL\.m2\repository\org\seleniumhq\selenium\selenium-json\4.26.0\selenium-json-4.26.0.jar;C:\Users\DCCPL\.m2\repository\org\seleniumhq\selenium\selenium-manager\4.26.0\selenium-manager-4.26.0.jar;C:\Users\DCCPL\.m2\repository\org\seleniumhq\selenium\selenium-devtools-v128\4.26.0\selenium-devtools-v128-4.26.0.jar;C:\Users\DCCPL\.m2\repository\org\seleniumhq\selenium\selenium-devtools-v129\4.26.0\selenium-devtools-v129-4.26.0.jar;C:\Users\DCCPL\.m2\repository\org\seleniumhq\selenium\selenium-devtools-v130\4.26.0\selenium-devtools-v130-4.26.0.jar;C:\Users\DCCPL\.m2\repository\org\seleniumhq\selenium\selenium-devtools-v85\4.26.0\selenium-devtools-v85-4.26.0.jar;C:\Users\DCCPL\.m2\repository\org\seleniumhq\selenium\sel
Launcher Type: SUN_STANDARD

[Global flags]
     intx CICompilerCount                          = 3                                         {product} {ergonomic}
     uint ConcGCThreads                            = 1                                         {product} {ergonomic}
     uint G1ConcRefinementThreads                  = 4                                         {product} {ergonomic}
   size_t G1HeapRegionSize                         = 1048576                                   {product} {ergonomic}
    uintx GCDrainStackTargetSize                   = 64                                        {product} {ergonomic}
   size_t InitialHeapSize                          = 130023424                                 {product} {ergonomic}
   size_t MarkStackSize                            = 4194304                                   {product} {ergonomic}
   size_t MaxHeapSize                              = 2080374784                                {product} {ergonomic}
   size_t MaxNewSize                               = 1247805440                                {product} {ergonomic}
   size_t MinHeapDeltaBytes                        = 1048576                                   {product} {ergonomic}
   size_t MinHeapSize                              = 8388608                                   {product} {ergonomic}
    uintx NonNMethodCodeHeapSize                   = 5832780                                {pd product} {ergonomic}
    uintx NonProfiledCodeHeapSize                  = 122912730                              {pd product} {ergonomic}
    uintx ProfiledCodeHeapSize                     = 122912730                              {pd product} {ergonomic}
    uintx ReservedCodeCacheSize                    = 251658240                              {pd product} {ergonomic}
     bool SegmentedCodeCache                       = true                                      {product} {ergonomic}
     bool ShowCodeDetailsInExceptionMessages       = true                                   {manageable} {command line}
   size_t SoftMaxHeapSize                          = 2080374784                             {manageable} {ergonomic}
     bool UseCompressedClassPointers               = true                           {product lp64_product} {ergonomic}
     bool UseCompressedOops                        = true                           {product lp64_product} {ergonomic}
     bool UseG1GC                                  = true                                      {product} {ergonomic}
     bool UseLargePagesIndividualAllocation        = false                                  {pd product} {ergonomic}

Logging:
Log output configuration:
 #0: stdout all=warning uptime,level,tags
 #1: stderr all=off uptime,level,tags

Environment Variables:
JAVA_HOME=C:\Program Files\Java\jdk-17
PATH=C:/Program Files/Java/jdk-17/bin/server;C:/Program Files/Java/jdk-17/bin;C:\Program Files\Common Files\Oracle\Java\javapath;C:\WINDOWS\system32;C:\WINDOWS;C:\WINDOWS\System32\Wbem;C:\WINDOWS\System32\WindowsPowerShell\v1.0\;C:\WINDOWS\System32\OpenSSH\;C:\Program Files\dotnet\;C:\Program Files\Git\cmd;C:\Program Files (x86)\Microsoft SQL Server\150\DTS\Binn\;C:\Program Files\Azure Data Studio\bin;C:\Program Files\Microsoft SQL Server\Client SDK\ODBC\170\Tools\Binn\;C:\Program Files (x86)\Microsoft SQL Server\160\DTS\Binn\;C:\Program Files\Microsoft SQL Server\130\Tools\Binn\;C:\Program Files (x86)\Camstar\InSite Administration;C:\Program Files\Microsoft SQL Server\150\DTS\Binn\;C:\Program Files (x86)\Microsoft SQL Server\150\Tools\Binn\;C:\Program Files\Microsoft SQL Server\150\Tools\Binn\;C:\Program Files\Java\jdk-17\bin;C:\Program Files\MySQL\MySQL Shell 8.0\bin\;C:\Users\DCCPL\AppData\Local\Microsoft\WindowsApps;;C:\Program Files\Azure Data Studio\bin;C:\Users\DCCPL\AppData\Local\Programs\Microsoft VS Code\bin;C:\WINDOWS\system32;
USERNAME=DCCPL
OS=Windows_NT
PROCESSOR_IDENTIFIER=Intel64 Family 6 Model 140 Stepping 1, GenuineIntel



---------------  S Y S T E M  ---------------

OS:
 Windows 11 , 64 bit Build 22621 (10.0.22621.4391)
OS uptime: 3 days 1:20 hours

CPU: total 4 (initial active 4) (2 cores per cpu, 2 threads per core) family 6 model 140 stepping 1 microcode 0xb8, cx8, cmov, fxsr, ht, mmx, 3dnowpref, sse, sse2, sse3, ssse3, sse4.1, sse4.2, popcnt, lzcnt, tsc, tscinvbit, avx, avx2, aes, erms, clmul, bmi1, bmi2, adx, avx512f, avx512dq, avx512cd, avx512bw, avx512vl, sha, fma, vzeroupper, avx512_vpopcntdq, avx512_vpclmulqdq, avx512_vaes, avx512_vnni, clflush, clflushopt, clwb, avx512_vbmi2, avx512_vbmi

Memory: 4k page, system-wide physical 7934M (340M free)
TotalPageFile size 18961M (AvailPageFile size 4M)
current process WorkingSet (physical memory assigned to process): 115M, peak: 115M
current process commit charge ("private bytes"): 241M, peak: 242M

vm_info: Java HotSpot(TM) 64-Bit Server VM (17.0.11+7-LTS-207) for windows-amd64 JRE (17.0.11+7-LTS-207), built on Mar 11 2024 19:01:50 by "mach5one" with MS VC++ 17.6 (VS2022)

END.
